0      2019-12-27 05:26:24,896 DEBUG               org.eclipse.jetty.util.log  - Logging to org.slf4j.impl.Log4jLoggerAdapter(org.eclipse.jetty.util.log) via org.eclipse.jetty.util.log.Slf4jLog
12     2019-12-27 05:26:24,908 INFO                org.eclipse.jetty.util.log  - Logging initialized @22416ms to org.eclipse.jetty.util.log.Slf4jLog
64     2019-12-27 05:26:24,960 DEBUG .jetty.util.component.ContainerLifeCycle  - Server@41c2ab20{STOPPED}[9.4.24.v20191120] added {QueuedThreadPool[qtp1336076434]@4fa2e892{STOPPED,8<=0<=200,i=0,r=-1,q=0}[NO_TRY],AUTO}
106    2019-12-27 05:26:25,002 DEBUG .jetty.util.component.ContainerLifeCycle  - HttpConnectionFactory@27cda1c1[HTTP/1.1] added {HttpConfiguration@521700df{32768/8192,8192/8192,https://:0,[]},POJO}
113    2019-12-27 05:26:25,009 DEBUG .jetty.util.component.ContainerLifeCycle  - ServerConnector@286fec74{null,[]}{0.0.0.0:0} added {Server@41c2ab20{STOPPED}[9.4.24.v20191120],UNMANAGED}
113    2019-12-27 05:26:25,009 DEBUG .jetty.util.component.ContainerLifeCycle  - ServerConnector@286fec74{null,[]}{0.0.0.0:0} added {QueuedThreadPool[qtp1336076434]@4fa2e892{STOPPED,8<=0<=200,i=0,r=-1,q=0}[NO_TRY],AUTO}
114    2019-12-27 05:26:25,010 DEBUG .jetty.util.component.ContainerLifeCycle  - ServerConnector@286fec74{null,[]}{0.0.0.0:0} added {ScheduledExecutorScheduler@76c6d98{STOPPED},AUTO}
114    2019-12-27 05:26:25,010 DEBUG .jetty.util.component.ContainerLifeCycle  - ServerConnector@286fec74{null,[]}{0.0.0.0:0} added {org.eclipse.jetty.io.ArrayByteBufferPool@133f5418,POJO}
114    2019-12-27 05:26:25,010 DEBUG .jetty.util.component.ContainerLifeCycle  - ServerConnector@286fec74{null,[http/1.1]}{0.0.0.0:0} added {HttpConnectionFactory@27cda1c1[HTTP/1.1],AUTO}
114    2019-12-27 05:26:25,010 DEBUG g.eclipse.jetty.server.AbstractConnector  - ServerConnector@286fec74{HTTP/1.1,[http/1.1]}{0.0.0.0:0} added HttpConnectionFactory@27cda1c1[HTTP/1.1]
120    2019-12-27 05:26:25,016 DEBUG .jetty.util.component.ContainerLifeCycle  - ServerConnector@286fec74{HTTP/1.1,[http/1.1]}{0.0.0.0:0} added {SelectorManager@ServerConnector@286fec74{HTTP/1.1,[http/1.1]}{0.0.0.0:0},MANAGED}
121    2019-12-27 05:26:25,017 DEBUG .jetty.util.component.ContainerLifeCycle  - Server@41c2ab20{STOPPED}[9.4.24.v20191120] added {ServerConnector@286fec74{HTTP/1.1,[http/1.1]}{0.0.0.0:9009},AUTO}
121    2019-12-27 05:26:25,017 DEBUG .jetty.util.component.ContainerLifeCycle  - Server@41c2ab20{STOPPED}[9.4.24.v20191120] added {AttributeContainerMap@3b3e62bb{size=0},AUTO}
588    2019-12-27 05:26:25,484 DEBUG clipse.jetty.util.DecoratedObjectFactory  - Adding Decorator: org.eclipse.jetty.util.DeprecationWarning@2127ebad
601    2019-12-27 05:26:25,497 DEBUG .jetty.util.component.ContainerLifeCycle  - o.e.j.q.QuickStartWebApp@5d22a781{/,null,UNAVAILABLE} added {org.eclipse.jetty.server.session.SessionHandler57845547==dftMaxIdleSec=-1,MANAGED}
606    2019-12-27 05:26:25,502 DEBUG .jetty.util.component.ContainerLifeCycle  - ConstraintSecurityHandler@678687c6{STOPPED} added {org.eclipse.jetty.util.component.DumpableCollection@5d370f93,POJO}
608    2019-12-27 05:26:25,504 DEBUG .jetty.util.component.ContainerLifeCycle  - org.eclipse.jetty.server.session.SessionHandler57845547==dftMaxIdleSec=-1 added {ConstraintSecurityHandler@678687c6{STOPPED},MANAGED}
613    2019-12-27 05:26:25,509 DEBUG .jetty.util.component.ContainerLifeCycle  - ConstraintSecurityHandler@678687c6{STOPPED} added {ServletHandler@35a5cfa8{STOPPED},MANAGED}
613    2019-12-27 05:26:25,509 DEBUG .jetty.util.component.ContainerLifeCycle  - o.e.j.q.QuickStartWebApp@5d22a781{/,null,UNAVAILABLE} added {ErrorPageErrorHandler@35ba73d9{STOPPED},MANAGED}
636    2019-12-27 05:26:25,532 DEBUG clipse.jetty.util.DecoratedObjectFactory  - Adding Decorator: org.eclipse.jetty.util.DeprecationWarning@79bf0b12
636    2019-12-27 05:26:25,532 DEBUG .jetty.util.component.ContainerLifeCycle  - o.e.j.s.ServletContextHandler@64eab8b{/,null,UNAVAILABLE} added {ServletHandler@2e89fe59{STOPPED},MANAGED}
1167   2019-12-27 05:26:26,063 DEBUG clipse.jetty.util.DecoratedObjectFactory  - Adding Decorator: org.eclipse.jetty.util.DeprecationWarning@73d8c176
1167   2019-12-27 05:26:26,063 DEBUG .jetty.util.component.ContainerLifeCycle  - o.e.j.s.ServletContextHandler@3135eeae{/,null,UNAVAILABLE} added {ServletHandler@4697e0d0{STOPPED},MANAGED}
1986   2019-12-27 05:26:26,882 DEBUG .jetty.util.component.ContainerLifeCycle  - o.e.j.s.h.ContextHandler@427d16d0{/get/transactions,null,UNAVAILABLE} added {TransactionHandler@e9ebfb{STOPPED},MANAGED}
1999   2019-12-27 05:26:26,895 DEBUG .jetty.util.component.ContainerLifeCycle  - o.e.j.s.h.ContextHandler@381c8d9b{/get/accounts,null,UNAVAILABLE} added {AccountHandler@5d8836e6{STOPPED},MANAGED}
2005   2019-12-27 05:26:26,901 DEBUG .jetty.util.component.ContainerLifeCycle  - o.e.j.s.h.ContextHandler@32bb75ce{/get/services,null,UNAVAILABLE} added {AccountServiceHandler@2e985a79{STOPPED},MANAGED}
2016   2019-12-27 05:26:26,912 DEBUG .server.handler.ContextHandlerCollection  - homerest->[{o.e.j.s.ServletContextHandler@64eab8b{/homerest,null,UNAVAILABLE},[o.e.j.s.ServletContextHandler@64eab8b{/homerest,null,UNAVAILABLE}]}]
2016   2019-12-27 05:26:26,912 DEBUG .server.handler.ContextHandlerCollection  - get/transactions->[{o.e.j.s.h.ContextHandler@427d16d0{/get/transactions,null,UNAVAILABLE},[o.e.j.s.h.ContextHandler@427d16d0{/get/transactions,null,UNAVAILABLE}]}]
2016   2019-12-27 05:26:26,912 DEBUG .server.handler.ContextHandlerCollection  - get/accounts->[{o.e.j.s.h.ContextHandler@381c8d9b{/get/accounts,null,UNAVAILABLE},[o.e.j.s.h.ContextHandler@381c8d9b{/get/accounts,null,UNAVAILABLE}]}]
2017   2019-12-27 05:26:26,913 DEBUG .server.handler.ContextHandlerCollection  - get/services->[{o.e.j.s.h.ContextHandler@32bb75ce{/get/services,null,UNAVAILABLE},[o.e.j.s.h.ContextHandler@32bb75ce{/get/services,null,UNAVAILABLE}]}]
2017   2019-12-27 05:26:26,913 DEBUG .jetty.util.component.ContainerLifeCycle  - ContextHandlerCollection@2f246d00{STOPPED} added {o.e.j.s.h.ContextHandler@427d16d0{/get/transactions,null,UNAVAILABLE},AUTO}
2017   2019-12-27 05:26:26,913 DEBUG .jetty.util.component.ContainerLifeCycle  - ContextHandlerCollection@2f246d00{STOPPED} added {o.e.j.s.h.ContextHandler@381c8d9b{/get/accounts,null,UNAVAILABLE},AUTO}
2017   2019-12-27 05:26:26,913 DEBUG .jetty.util.component.ContainerLifeCycle  - ContextHandlerCollection@2f246d00{STOPPED} added {o.e.j.s.h.ContextHandler@32bb75ce{/get/services,null,UNAVAILABLE},AUTO}
2017   2019-12-27 05:26:26,913 DEBUG .jetty.util.component.ContainerLifeCycle  - ContextHandlerCollection@2f246d00{STOPPED} added {o.e.j.s.ServletContextHandler@64eab8b{/homerest,null,UNAVAILABLE},AUTO}
2018   2019-12-27 05:26:26,914 DEBUG .jetty.util.component.ContainerLifeCycle  - Server@41c2ab20{STOPPED}[9.4.24.v20191120] added {ContextHandlerCollection@2f246d00{STOPPED},MANAGED}
2025   2019-12-27 05:26:26,921 DEBUG e.jetty.util.component.AbstractLifeCycle  - starting Server@41c2ab20{STOPPED}[9.4.24.v20191120]
2025   2019-12-27 05:26:26,921 DEBUG .jetty.util.component.ContainerLifeCycle  - Server@41c2ab20{STARTING}[9.4.24.v20191120] added {ErrorHandler@6b011f3f{STOPPED},AUTO}
2029   2019-12-27 05:26:26,925 INFO           org.eclipse.jetty.server.Server  - jetty-9.4.24.v20191120; built: 2019-11-20T21:37:49.771Z; git: 363d5f2df3a8a28de40604320230664b9c793c16; jvm 1.8.0_232-8u232-b09-0ubuntu1~19.04.1-b09
2068   2019-12-27 05:26:26,964 DEBUG pse.jetty.server.handler.AbstractHandler  - starting Server@41c2ab20{STARTING}[9.4.24.v20191120]
2068   2019-12-27 05:26:26,964 DEBUG e.jetty.util.component.AbstractLifeCycle  - starting QueuedThreadPool[qtp1336076434]@4fa2e892{STOPPED,8<=0<=200,i=0,r=-1,q=0}[NO_TRY]
2071   2019-12-27 05:26:26,967 DEBUG jetty.util.thread.ReservedThreadExecutor  - ReservedThreadExecutor@46f1ead9{s=0/4,p=0}
2071   2019-12-27 05:26:26,967 DEBUG .jetty.util.component.ContainerLifeCycle  - QueuedThreadPool[qtp1336076434]@4fa2e892{STARTING,8<=0<=200,i=0,r=-1,q=0}[ReservedThreadExecutor@46f1ead9{s=0/4,p=0}] added {ReservedThreadExecutor@46f1ead9{s=0/4,p=0},AUTO}
2072   2019-12-27 05:26:26,968 DEBUG e.jetty.util.component.AbstractLifeCycle  - starting ReservedThreadExecutor@46f1ead9{s=0/4,p=0}
2079   2019-12-27 05:26:26,975 DEBUG e.jetty.util.component.AbstractLifeCycle  - STARTED @24483ms ReservedThreadExecutor@46f1ead9{s=0/4,p=0}
2080   2019-12-27 05:26:26,976 DEBUG lipse.jetty.util.thread.QueuedThreadPool  - Starting Thread[qtp1336076434-21,5,rev.gretty.homerest.HttpServerStartGretty]
2080   2019-12-27 05:26:26,976 DEBUG lipse.jetty.util.thread.QueuedThreadPool  - Starting Thread[qtp1336076434-22,5,rev.gretty.homerest.HttpServerStartGretty]
2155   2019-12-27 05:26:27,051 DEBUG lipse.jetty.util.thread.QueuedThreadPool  - Starting Thread[qtp1336076434-23,5,rev.gretty.homerest.HttpServerStartGretty]
2156   2019-12-27 05:26:27,052 DEBUG lipse.jetty.util.thread.QueuedThreadPool  - Starting Thread[qtp1336076434-24,5,rev.gretty.homerest.HttpServerStartGretty]
2161   2019-12-27 05:26:27,057 DEBUG lipse.jetty.util.thread.QueuedThreadPool  - Starting Thread[qtp1336076434-25,5,rev.gretty.homerest.HttpServerStartGretty]
2164   2019-12-27 05:26:27,060 DEBUG lipse.jetty.util.thread.QueuedThreadPool  - Starting Thread[qtp1336076434-26,5,rev.gretty.homerest.HttpServerStartGretty]
2165   2019-12-27 05:26:27,061 DEBUG lipse.jetty.util.thread.QueuedThreadPool  - Runner started for QueuedThreadPool[qtp1336076434]@4fa2e892{STARTING,8<=6<=200,i=6,r=-1,q=0}[ReservedThreadExecutor@46f1ead9{s=0/4,p=0}]
2155   2019-12-27 05:26:27,051 DEBUG lipse.jetty.util.thread.QueuedThreadPool  - Runner started for QueuedThreadPool[qtp1336076434]@4fa2e892{STARTING,8<=3<=200,i=3,r=-1,q=0}[ReservedThreadExecutor@46f1ead9{s=0/4,p=0}]
2154   2019-12-27 05:26:27,050 DEBUG lipse.jetty.util.thread.QueuedThreadPool  - Runner started for QueuedThreadPool[qtp1336076434]@4fa2e892{STARTING,8<=2<=200,i=2,r=-1,q=0}[ReservedThreadExecutor@46f1ead9{s=0/4,p=0}]
2157   2019-12-27 05:26:27,053 DEBUG lipse.jetty.util.thread.QueuedThreadPool  - Runner started for QueuedThreadPool[qtp1336076434]@4fa2e892{STARTING,8<=4<=200,i=4,r=-1,q=0}[ReservedThreadExecutor@46f1ead9{s=0/4,p=0}]
2167   2019-12-27 05:26:27,063 DEBUG lipse.jetty.util.thread.QueuedThreadPool  - Runner started for QueuedThreadPool[qtp1336076434]@4fa2e892{STARTING,8<=7<=200,i=7,r=-1,q=0}[ReservedThreadExecutor@46f1ead9{s=0/4,p=0}]
2166   2019-12-27 05:26:27,062 DEBUG lipse.jetty.util.thread.QueuedThreadPool  - Runner started for QueuedThreadPool[qtp1336076434]@4fa2e892{STARTING,8<=7<=200,i=7,r=-1,q=0}[ReservedThreadExecutor@46f1ead9{s=0/4,p=0}]
2166   2019-12-27 05:26:27,062 DEBUG lipse.jetty.util.thread.QueuedThreadPool  - Starting Thread[qtp1336076434-27,5,rev.gretty.homerest.HttpServerStartGretty]
2175   2019-12-27 05:26:27,071 DEBUG lipse.jetty.util.thread.QueuedThreadPool  - Starting Thread[qtp1336076434-28,5,rev.gretty.homerest.HttpServerStartGretty]
2175   2019-12-27 05:26:27,071 DEBUG lipse.jetty.util.thread.QueuedThreadPool  - Runner started for QueuedThreadPool[qtp1336076434]@4fa2e892{STARTING,8<=8<=200,i=8,r=-1,q=0}[ReservedThreadExecutor@46f1ead9{s=0/4,p=0}]
2177   2019-12-27 05:26:27,073 DEBUG e.jetty.util.component.AbstractLifeCycle  - STARTED @24580ms QueuedThreadPool[qtp1336076434]@4fa2e892{STARTED,8<=8<=200,i=8,r=4,q=0}[ReservedThreadExecutor@46f1ead9{s=0/4,p=0}]
2177   2019-12-27 05:26:27,073 DEBUG e.jetty.util.component.AbstractLifeCycle  - starting AttributeContainerMap@3b3e62bb{size=0}
2177   2019-12-27 05:26:27,073 DEBUG e.jetty.util.component.AbstractLifeCycle  - STARTED @24581ms AttributeContainerMap@3b3e62bb{size=0}
2177   2019-12-27 05:26:27,073 DEBUG e.jetty.util.component.AbstractLifeCycle  - starting ContextHandlerCollection@2f246d00{STOPPED}
2177   2019-12-27 05:26:27,073 DEBUG pse.jetty.server.handler.AbstractHandler  - starting ContextHandlerCollection@2f246d00{STARTING}
2177   2019-12-27 05:26:27,073 DEBUG e.jetty.util.component.AbstractLifeCycle  - starting o.e.j.s.h.ContextHandler@427d16d0{/get/transactions,null,UNAVAILABLE}
2179   2019-12-27 05:26:27,075 DEBUG lipse.jetty.util.thread.QueuedThreadPool  - Runner started for QueuedThreadPool[qtp1336076434]@4fa2e892{STARTED,8<=8<=200,i=8,r=4,q=0}[ReservedThreadExecutor@46f1ead9{s=0/4,p=0}]
2183   2019-12-27 05:26:27,079 DEBUG g.eclipse.jetty.http.PreEncodedHttpField  - HttpField encoders loaded: [org.eclipse.jetty.http.Http1FieldPreEncoder@2fb3fef1]
2192   2019-12-27 05:26:27,088 DEBUG pse.jetty.server.handler.AbstractHandler  - starting o.e.j.s.h.ContextHandler@427d16d0{/get/transactions,null,STARTING}
2193   2019-12-27 05:26:27,089 DEBUG e.jetty.util.component.AbstractLifeCycle  - starting TransactionHandler@e9ebfb{STOPPED}
2193   2019-12-27 05:26:27,089 DEBUG pse.jetty.server.handler.AbstractHandler  - starting TransactionHandler@e9ebfb{STARTING}
2193   2019-12-27 05:26:27,089 DEBUG e.jetty.util.component.AbstractLifeCycle  - STARTED @24596ms TransactionHandler@e9ebfb{STARTED}
2193   2019-12-27 05:26:27,089 INFO  ipse.jetty.server.handler.ContextHandler  - Started o.e.j.s.h.ContextHandler@427d16d0{/get/transactions,null,AVAILABLE}
2193   2019-12-27 05:26:27,089 DEBUG e.jetty.util.component.AbstractLifeCycle  - STARTED @24597ms o.e.j.s.h.ContextHandler@427d16d0{/get/transactions,null,AVAILABLE}
2194   2019-12-27 05:26:27,090 DEBUG e.jetty.util.component.AbstractLifeCycle  - starting o.e.j.s.h.ContextHandler@381c8d9b{/get/accounts,null,UNAVAILABLE}
2194   2019-12-27 05:26:27,090 DEBUG pse.jetty.server.handler.AbstractHandler  - starting o.e.j.s.h.ContextHandler@381c8d9b{/get/accounts,null,STARTING}
2194   2019-12-27 05:26:27,090 DEBUG e.jetty.util.component.AbstractLifeCycle  - starting AccountHandler@5d8836e6{STOPPED}
2194   2019-12-27 05:26:27,090 DEBUG pse.jetty.server.handler.AbstractHandler  - starting AccountHandler@5d8836e6{STARTING}
2194   2019-12-27 05:26:27,090 DEBUG e.jetty.util.component.AbstractLifeCycle  - STARTED @24598ms AccountHandler@5d8836e6{STARTED}
2194   2019-12-27 05:26:27,090 INFO  ipse.jetty.server.handler.ContextHandler  - Started o.e.j.s.h.ContextHandler@381c8d9b{/get/accounts,null,AVAILABLE}
2194   2019-12-27 05:26:27,090 DEBUG e.jetty.util.component.AbstractLifeCycle  - STARTED @24598ms o.e.j.s.h.ContextHandler@381c8d9b{/get/accounts,null,AVAILABLE}
2194   2019-12-27 05:26:27,090 DEBUG e.jetty.util.component.AbstractLifeCycle  - starting o.e.j.s.h.ContextHandler@32bb75ce{/get/services,null,UNAVAILABLE}
2195   2019-12-27 05:26:27,091 DEBUG pse.jetty.server.handler.AbstractHandler  - starting o.e.j.s.h.ContextHandler@32bb75ce{/get/services,null,STARTING}
2195   2019-12-27 05:26:27,091 DEBUG e.jetty.util.component.AbstractLifeCycle  - starting AccountServiceHandler@2e985a79{STOPPED}
2195   2019-12-27 05:26:27,091 DEBUG pse.jetty.server.handler.AbstractHandler  - starting AccountServiceHandler@2e985a79{STARTING}
2195   2019-12-27 05:26:27,091 DEBUG e.jetty.util.component.AbstractLifeCycle  - STARTED @24599ms AccountServiceHandler@2e985a79{STARTED}
2195   2019-12-27 05:26:27,091 INFO  ipse.jetty.server.handler.ContextHandler  - Started o.e.j.s.h.ContextHandler@32bb75ce{/get/services,null,AVAILABLE}
2195   2019-12-27 05:26:27,091 DEBUG e.jetty.util.component.AbstractLifeCycle  - STARTED @24599ms o.e.j.s.h.ContextHandler@32bb75ce{/get/services,null,AVAILABLE}
2195   2019-12-27 05:26:27,091 DEBUG e.jetty.util.component.AbstractLifeCycle  - starting o.e.j.s.ServletContextHandler@64eab8b{/homerest,null,UNAVAILABLE}
2196   2019-12-27 05:26:27,092 DEBUG pse.jetty.server.handler.AbstractHandler  - starting o.e.j.s.ServletContextHandler@64eab8b{/homerest,null,STARTING}
2197   2019-12-27 05:26:27,093 DEBUG e.jetty.util.component.AbstractLifeCycle  - starting ServletHandler@2e89fe59{STOPPED}
2200   2019-12-27 05:26:27,096 DEBUG org.eclipse.jetty.servlet.ServletHandler  - Path=/transactions/*[EMBEDDED:null] mapped to servlet=rev.gretty.homerest.servlet.HomeRestTransactTestingServlet-93d396a[EMBEDDED:null]
2203   2019-12-27 05:26:27,099 DEBUG .eclipse.jetty.http.pathmap.PathMappings  - Added MappedResource[pathSpec=ServletPathSpec["/transactions/*",pathDepth=2,group=PREFIX_GLOB],resource=rev.gretty.homerest.servlet.HomeRestTransactTestingServlet-93d396a@c6a52600==rev.gretty.homerest.servlet.HomeRestTransactTestingServlet,jsp=null,order=-1,inst=false,async=true] to PathMappings[size=1]
2203   2019-12-27 05:26:27,099 DEBUG org.eclipse.jetty.servlet.ServletHandler  - Path=/accounts/*[EMBEDDED:null] mapped to servlet=rev.gretty.homerest.servlet.HomeRestAccountsTestingServlet-391cf64[EMBEDDED:null]
2203   2019-12-27 05:26:27,099 DEBUG .eclipse.jetty.http.pathmap.PathMappings  - Added MappedResource[pathSpec=ServletPathSpec["/accounts/*",pathDepth=2,group=PREFIX_GLOB],resource=rev.gretty.homerest.servlet.HomeRestAccountsTestingServlet-391cf64@5f48140d==rev.gretty.homerest.servlet.HomeRestAccountsTestingServlet,jsp=null,order=-1,inst=false,async=true] to PathMappings[size=2]
2203   2019-12-27 05:26:27,099 DEBUG org.eclipse.jetty.servlet.ServletHandler  - filterNameMap={}
2203   2019-12-27 05:26:27,099 DEBUG org.eclipse.jetty.servlet.ServletHandler  - pathFilters=null
2203   2019-12-27 05:26:27,099 DEBUG org.eclipse.jetty.servlet.ServletHandler  - servletFilterMap=null
2204   2019-12-27 05:26:27,100 DEBUG org.eclipse.jetty.servlet.ServletHandler  - servletPathMap=PathMappings[size=2]
2204   2019-12-27 05:26:27,100 DEBUG org.eclipse.jetty.servlet.ServletHandler  - servletNameMap={rev.gretty.homerest.servlet.HomeRestAccountsTestingServlet-391cf64=rev.gretty.homerest.servlet.HomeRestAccountsTestingServlet-391cf64@5f48140d==rev.gretty.homerest.servlet.HomeRestAccountsTestingServlet,jsp=null,order=-1,inst=false,async=true, rev.gretty.homerest.servlet.HomeRestTransactTestingServlet-93d396a=rev.gretty.homerest.servlet.HomeRestTransactTestingServlet-93d396a@c6a52600==rev.gretty.homerest.servlet.HomeRestTransactTestingServlet,jsp=null,order=-1,inst=false,async=true}
2204   2019-12-27 05:26:27,100 DEBUG org.eclipse.jetty.servlet.ServletHandler  - Adding Default404Servlet to ServletHandler@2e89fe59{STARTING}
2204   2019-12-27 05:26:27,100 DEBUG org.eclipse.jetty.servlet.ServletHandler  - Path=/transactions/*[EMBEDDED:null] mapped to servlet=rev.gretty.homerest.servlet.HomeRestTransactTestingServlet-93d396a[EMBEDDED:null]
2205   2019-12-27 05:26:27,101 DEBUG .eclipse.jetty.http.pathmap.PathMappings  - Added MappedResource[pathSpec=ServletPathSpec["/transactions/*",pathDepth=2,group=PREFIX_GLOB],resource=rev.gretty.homerest.servlet.HomeRestTransactTestingServlet-93d396a@c6a52600==rev.gretty.homerest.servlet.HomeRestTransactTestingServlet,jsp=null,order=-1,inst=false,async=true] to PathMappings[size=1]
2205   2019-12-27 05:26:27,101 DEBUG org.eclipse.jetty.servlet.ServletHandler  - Path=/accounts/*[EMBEDDED:null] mapped to servlet=rev.gretty.homerest.servlet.HomeRestAccountsTestingServlet-391cf64[EMBEDDED:null]
2205   2019-12-27 05:26:27,101 DEBUG .eclipse.jetty.http.pathmap.PathMappings  - Added MappedResource[pathSpec=ServletPathSpec["/accounts/*",pathDepth=2,group=PREFIX_GLOB],resource=rev.gretty.homerest.servlet.HomeRestAccountsTestingServlet-391cf64@5f48140d==rev.gretty.homerest.servlet.HomeRestAccountsTestingServlet,jsp=null,order=-1,inst=false,async=true] to PathMappings[size=2]
2205   2019-12-27 05:26:27,101 DEBUG org.eclipse.jetty.servlet.ServletHandler  - Path=/[EMBEDDED:null] mapped to servlet=org.eclipse.jetty.servlet.ServletHandler$Default404Servlet-4c7112f1[EMBEDDED:null]
2205   2019-12-27 05:26:27,101 DEBUG .eclipse.jetty.http.pathmap.PathMappings  - Added MappedResource[pathSpec=ServletPathSpec["/",pathDepth=-1,group=DEFAULT],resource=org.eclipse.jetty.servlet.ServletHandler$Default404Servlet-4c7112f1@4c92e949==org.eclipse.jetty.servlet.ServletHandler$Default404Servlet,jsp=null,order=-1,inst=false,async=true] to PathMappings[size=3]
2205   2019-12-27 05:26:27,101 DEBUG org.eclipse.jetty.servlet.ServletHandler  - filterNameMap={}
2205   2019-12-27 05:26:27,101 DEBUG org.eclipse.jetty.servlet.ServletHandler  - pathFilters=null
2205   2019-12-27 05:26:27,101 DEBUG org.eclipse.jetty.servlet.ServletHandler  - servletFilterMap=null
2205   2019-12-27 05:26:27,101 DEBUG org.eclipse.jetty.servlet.ServletHandler  - servletPathMap=PathMappings[size=3]
2205   2019-12-27 05:26:27,101 DEBUG org.eclipse.jetty.servlet.ServletHandler  - servletNameMap={rev.gretty.homerest.servlet.HomeRestAccountsTestingServlet-391cf64=rev.gretty.homerest.servlet.HomeRestAccountsTestingServlet-391cf64@5f48140d==rev.gretty.homerest.servlet.HomeRestAccountsTestingServlet,jsp=null,order=-1,inst=false,async=true, rev.gretty.homerest.servlet.HomeRestTransactTestingServlet-93d396a=rev.gretty.homerest.servlet.HomeRestTransactTestingServlet-93d396a@c6a52600==rev.gretty.homerest.servlet.HomeRestTransactTestingServlet,jsp=null,order=-1,inst=false,async=true, org.eclipse.jetty.servlet.ServletHandler$Default404Servlet-4c7112f1=org.eclipse.jetty.servlet.ServletHandler$Default404Servlet-4c7112f1@4c92e949==org.eclipse.jetty.servlet.ServletHandler$Default404Servlet,jsp=null,order=-1,inst=false,async=true}
2206   2019-12-27 05:26:27,102 DEBUG pse.jetty.server.handler.AbstractHandler  - starting ServletHandler@2e89fe59{STARTING}
2206   2019-12-27 05:26:27,102 DEBUG e.jetty.util.component.AbstractLifeCycle  - STARTED @24609ms ServletHandler@2e89fe59{STARTED}
2216   2019-12-27 05:26:27,112 DEBUG e.jetty.util.component.AbstractLifeCycle  - starting org.eclipse.jetty.servlet.ServletHandler$Default404Servlet-4c7112f1@4c92e949==org.eclipse.jetty.servlet.ServletHandler$Default404Servlet,jsp=null,order=-1,inst=false,async=true
2217   2019-12-27 05:26:27,113 DEBUG e.jetty.util.component.AbstractLifeCycle  - STARTED @24620ms org.eclipse.jetty.servlet.ServletHandler$Default404Servlet-4c7112f1@4c92e949==org.eclipse.jetty.servlet.ServletHandler$Default404Servlet,jsp=null,order=-1,inst=false,async=true
2217   2019-12-27 05:26:27,113 DEBUG e.jetty.util.component.AbstractLifeCycle  - starting rev.gretty.homerest.servlet.HomeRestAccountsTestingServlet-391cf64@5f48140d==rev.gretty.homerest.servlet.HomeRestAccountsTestingServlet,jsp=null,order=-1,inst=false,async=true
2220   2019-12-27 05:26:27,116 DEBUG e.jetty.util.component.AbstractLifeCycle  - STARTED @24624ms rev.gretty.homerest.servlet.HomeRestAccountsTestingServlet-391cf64@5f48140d==rev.gretty.homerest.servlet.HomeRestAccountsTestingServlet,jsp=null,order=-1,inst=false,async=true
2222   2019-12-27 05:26:27,118 DEBUG  org.eclipse.jetty.servlet.ServletHolder  - Servlet.init rev.gretty.homerest.servlet.HomeRestAccountsTestingServlet@201a968c for rev.gretty.homerest.servlet.HomeRestAccountsTestingServlet-391cf64
2222   2019-12-27 05:26:27,118 DEBUG e.jetty.util.component.AbstractLifeCycle  - starting rev.gretty.homerest.servlet.HomeRestTransactTestingServlet-93d396a@c6a52600==rev.gretty.homerest.servlet.HomeRestTransactTestingServlet,jsp=null,order=-1,inst=false,async=true
2223   2019-12-27 05:26:27,119 DEBUG e.jetty.util.component.AbstractLifeCycle  - STARTED @24626ms rev.gretty.homerest.servlet.HomeRestTransactTestingServlet-93d396a@c6a52600==rev.gretty.homerest.servlet.HomeRestTransactTestingServlet,jsp=null,order=-1,inst=false,async=true
2223   2019-12-27 05:26:27,119 DEBUG  org.eclipse.jetty.servlet.ServletHolder  - Servlet.init rev.gretty.homerest.servlet.HomeRestTransactTestingServlet@18347b28 for rev.gretty.homerest.servlet.HomeRestTransactTestingServlet-93d396a
2223   2019-12-27 05:26:27,119 INFO  ipse.jetty.server.handler.ContextHandler  - Started o.e.j.s.ServletContextHandler@64eab8b{/homerest,null,AVAILABLE}
2223   2019-12-27 05:26:27,119 DEBUG e.jetty.util.component.AbstractLifeCycle  - STARTED @24627ms o.e.j.s.ServletContextHandler@64eab8b{/homerest,null,AVAILABLE}
2224   2019-12-27 05:26:27,120 DEBUG e.jetty.util.component.AbstractLifeCycle  - STARTED @24627ms ContextHandlerCollection@2f246d00{STARTED}
2224   2019-12-27 05:26:27,120 DEBUG e.jetty.util.component.AbstractLifeCycle  - starting ErrorHandler@6b011f3f{STOPPED}
2224   2019-12-27 05:26:27,120 DEBUG pse.jetty.server.handler.AbstractHandler  - starting ErrorHandler@6b011f3f{STARTING}
2224   2019-12-27 05:26:27,120 DEBUG e.jetty.util.component.AbstractLifeCycle  - STARTED @24628ms ErrorHandler@6b011f3f{STARTED}
2224   2019-12-27 05:26:27,120 DEBUG e.jetty.util.component.AbstractLifeCycle  - starting ServerConnector@286fec74{HTTP/1.1,[http/1.1]}{0.0.0.0:9009}
2231   2019-12-27 05:26:27,127 DEBUG .jetty.util.component.ContainerLifeCycle  - ServerConnector@286fec74{HTTP/1.1,[http/1.1]}{0.0.0.0:9009} added {sun.nio.ch.ServerSocketChannelImpl[/0:0:0:0:0:0:0:0:9009],POJO}
2232   2019-12-27 05:26:27,128 DEBUG e.jetty.util.component.AbstractLifeCycle  - starting ScheduledExecutorScheduler@76c6d98{STOPPED}
2235   2019-12-27 05:26:27,131 DEBUG e.jetty.util.component.AbstractLifeCycle  - STARTED @24639ms ScheduledExecutorScheduler@76c6d98{STARTED}
2235   2019-12-27 05:26:27,131 DEBUG e.jetty.util.component.AbstractLifeCycle  - starting HttpConnectionFactory@27cda1c1[HTTP/1.1]
2235   2019-12-27 05:26:27,131 DEBUG e.jetty.util.component.AbstractLifeCycle  - STARTED @24639ms HttpConnectionFactory@27cda1c1[HTTP/1.1]
2235   2019-12-27 05:26:27,131 DEBUG e.jetty.util.component.AbstractLifeCycle  - starting SelectorManager@ServerConnector@286fec74{HTTP/1.1,[http/1.1]}{0.0.0.0:9009}
2290   2019-12-27 05:26:27,186 DEBUG .jetty.util.component.ContainerLifeCycle  - EatWhatYouKill@6ba02366/SelectorProducer@6c56ae51/IDLE/p=false/QueuedThreadPool[qtp1336076434]@4fa2e892{STARTED,8<=8<=200,i=8,r=4,q=0}[ReservedThreadExecutor@46f1ead9{s=0/4,p=0}][pc=0,pic=0,pec=0,epc=0]@2019-12-27T05:26:27.159+02:00 added {SelectorProducer@6c56ae51,POJO}
2291   2019-12-27 05:26:27,187 DEBUG .jetty.util.component.ContainerLifeCycle  - EatWhatYouKill@6ba02366/SelectorProducer@6c56ae51/IDLE/p=false/QueuedThreadPool[qtp1336076434]@4fa2e892{STARTED,8<=8<=200,i=8,r=4,q=0}[ReservedThreadExecutor@46f1ead9{s=0/4,p=0}][pc=0,pic=0,pec=0,epc=0]@2019-12-27T05:26:27.187+02:00 added {QueuedThreadPool[qtp1336076434]@4fa2e892{STARTED,8<=8<=200,i=8,r=4,q=0}[ReservedThreadExecutor@46f1ead9{s=0/4,p=0}],UNMANAGED}
2291   2019-12-27 05:26:27,187 DEBUG etty.util.thread.strategy.EatWhatYouKill  - EatWhatYouKill@6ba02366/SelectorProducer@6c56ae51/IDLE/p=false/QueuedThreadPool[qtp1336076434]@4fa2e892{STARTED,8<=8<=200,i=8,r=4,q=0}[ReservedThreadExecutor@46f1ead9{s=0/4,p=0}][pc=0,pic=0,pec=0,epc=0]@2019-12-27T05:26:27.187+02:00 created
2292   2019-12-27 05:26:27,188 DEBUG .jetty.util.component.ContainerLifeCycle  - ManagedSelector@62168954{STOPPED} id=0 keys=-1 selected=-1 updates=0 added {EatWhatYouKill@6ba02366/SelectorProducer@6c56ae51/IDLE/p=false/QueuedThreadPool[qtp1336076434]@4fa2e892{STARTED,8<=8<=200,i=8,r=4,q=0}[ReservedThreadExecutor@46f1ead9{s=0/4,p=0}][pc=0,pic=0,pec=0,epc=0]@2019-12-27T05:26:27.188+02:00,MANAGED}
2292   2019-12-27 05:26:27,188 DEBUG .jetty.util.component.ContainerLifeCycle  - SelectorManager@ServerConnector@286fec74{HTTP/1.1,[http/1.1]}{0.0.0.0:9009} added {ManagedSelector@62168954{STOPPED} id=0 keys=-1 selected=-1 updates=0,AUTO}
2293   2019-12-27 05:26:27,189 DEBUG .jetty.util.component.ContainerLifeCycle  - EatWhatYouKill@5e21bce9/SelectorProducer@3aa4e918/IDLE/p=false/QueuedThreadPool[qtp1336076434]@4fa2e892{STARTED,8<=8<=200,i=8,r=4,q=0}[ReservedThreadExecutor@46f1ead9{s=0/4,p=0}][pc=0,pic=0,pec=0,epc=0]@2019-12-27T05:26:27.189+02:00 added {SelectorProducer@3aa4e918,POJO}
2294   2019-12-27 05:26:27,190 DEBUG .jetty.util.component.ContainerLifeCycle  - EatWhatYouKill@5e21bce9/SelectorProducer@3aa4e918/IDLE/p=false/QueuedThreadPool[qtp1336076434]@4fa2e892{STARTED,8<=8<=200,i=8,r=4,q=0}[ReservedThreadExecutor@46f1ead9{s=0/4,p=0}][pc=0,pic=0,pec=0,epc=0]@2019-12-27T05:26:27.19+02:00 added {QueuedThreadPool[qtp1336076434]@4fa2e892{STARTED,8<=8<=200,i=8,r=4,q=0}[ReservedThreadExecutor@46f1ead9{s=0/4,p=0}],UNMANAGED}
2294   2019-12-27 05:26:27,190 DEBUG etty.util.thread.strategy.EatWhatYouKill  - EatWhatYouKill@5e21bce9/SelectorProducer@3aa4e918/IDLE/p=false/QueuedThreadPool[qtp1336076434]@4fa2e892{STARTED,8<=8<=200,i=8,r=4,q=0}[ReservedThreadExecutor@46f1ead9{s=0/4,p=0}][pc=0,pic=0,pec=0,epc=0]@2019-12-27T05:26:27.19+02:00 created
2295   2019-12-27 05:26:27,191 DEBUG .jetty.util.component.ContainerLifeCycle  - ManagedSelector@89d1612{STOPPED} id=1 keys=-1 selected=-1 updates=0 added {EatWhatYouKill@5e21bce9/SelectorProducer@3aa4e918/IDLE/p=false/QueuedThreadPool[qtp1336076434]@4fa2e892{STARTED,8<=8<=200,i=8,r=4,q=0}[ReservedThreadExecutor@46f1ead9{s=0/4,p=0}][pc=0,pic=0,pec=0,epc=0]@2019-12-27T05:26:27.191+02:00,MANAGED}
2295   2019-12-27 05:26:27,191 DEBUG .jetty.util.component.ContainerLifeCycle  - SelectorManager@ServerConnector@286fec74{HTTP/1.1,[http/1.1]}{0.0.0.0:9009} added {ManagedSelector@89d1612{STOPPED} id=1 keys=-1 selected=-1 updates=0,AUTO}
2295   2019-12-27 05:26:27,191 DEBUG e.jetty.util.component.AbstractLifeCycle  - starting ManagedSelector@62168954{STOPPED} id=0 keys=-1 selected=-1 updates=0
2296   2019-12-27 05:26:27,192 DEBUG e.jetty.util.component.AbstractLifeCycle  - starting EatWhatYouKill@6ba02366/SelectorProducer@6c56ae51/IDLE/p=false/QueuedThreadPool[qtp1336076434]@4fa2e892{STARTED,8<=8<=200,i=8,r=4,q=0}[ReservedThreadExecutor@46f1ead9{s=0/4,p=0}][pc=0,pic=0,pec=0,epc=0]@2019-12-27T05:26:27.192+02:00
2296   2019-12-27 05:26:27,192 DEBUG e.jetty.util.component.AbstractLifeCycle  - STARTED @24700ms EatWhatYouKill@6ba02366/SelectorProducer@6c56ae51/IDLE/p=false/QueuedThreadPool[qtp1336076434]@4fa2e892{STARTED,8<=8<=200,i=8,r=4,q=0}[ReservedThreadExecutor@46f1ead9{s=0/4,p=0}][pc=0,pic=0,pec=0,epc=0]@2019-12-27T05:26:27.192+02:00
2301   2019-12-27 05:26:27,197 DEBUG lipse.jetty.util.thread.QueuedThreadPool  - run org.eclipse.jetty.io.ManagedSelector$$Lambda$260/218254243@6eae21f7 in QueuedThreadPool[qtp1336076434]@4fa2e892{STARTED,8<=8<=200,i=7,r=4,q=0}[ReservedThreadExecutor@46f1ead9{s=0/4,p=0}]
2302   2019-12-27 05:26:27,198 DEBUG etty.util.thread.strategy.EatWhatYouKill  - EatWhatYouKill@6ba02366/SelectorProducer@6c56ae51/IDLE/p=false/QueuedThreadPool[qtp1336076434]@4fa2e892{STARTED,8<=8<=200,i=7,r=4,q=0}[ReservedThreadExecutor@46f1ead9{s=0/4,p=0}][pc=0,pic=0,pec=0,epc=0]@2019-12-27T05:26:27.198+02:00 tryProduce false
2302   2019-12-27 05:26:27,198 DEBUG lipse.jetty.util.thread.QueuedThreadPool  - queue org.eclipse.jetty.io.ManagedSelector$$Lambda$260/218254243@6eae21f7 startThread=0
2305   2019-12-27 05:26:27,201 DEBUG     org.eclipse.jetty.io.ManagedSelector  - Queued change org.eclipse.jetty.io.ManagedSelector$Start@10f38f32 on ManagedSelector@62168954{STARTING} id=0 keys=0 selected=0 updates=0
2307   2019-12-27 05:26:27,203 DEBUG     org.eclipse.jetty.io.ManagedSelector  - updateable 1
2307   2019-12-27 05:26:27,203 DEBUG     org.eclipse.jetty.io.ManagedSelector  - update org.eclipse.jetty.io.ManagedSelector$Start@10f38f32
2308   2019-12-27 05:26:27,204 DEBUG     org.eclipse.jetty.io.ManagedSelector  - updates 0
2308   2019-12-27 05:26:27,204 DEBUG     org.eclipse.jetty.io.ManagedSelector  - Selector sun.nio.ch.EPollSelectorImpl@417b3726 waiting with 0 keys
2311   2019-12-27 05:26:27,207 DEBUG e.jetty.util.component.AbstractLifeCycle  - STARTED @24714ms ManagedSelector@62168954{STARTED} id=0 keys=0 selected=0 updates=0
2311   2019-12-27 05:26:27,207 DEBUG e.jetty.util.component.AbstractLifeCycle  - starting ManagedSelector@89d1612{STOPPED} id=1 keys=-1 selected=-1 updates=0
2311   2019-12-27 05:26:27,207 DEBUG e.jetty.util.component.AbstractLifeCycle  - starting EatWhatYouKill@5e21bce9/SelectorProducer@3aa4e918/IDLE/p=false/QueuedThreadPool[qtp1336076434]@4fa2e892{STARTED,8<=8<=200,i=7,r=4,q=0}[ReservedThreadExecutor@46f1ead9{s=0/4,p=0}][pc=0,pic=0,pec=0,epc=0]@2019-12-27T05:26:27.207+02:00
2312   2019-12-27 05:26:27,208 DEBUG e.jetty.util.component.AbstractLifeCycle  - STARTED @24715ms EatWhatYouKill@5e21bce9/SelectorProducer@3aa4e918/IDLE/p=false/QueuedThreadPool[qtp1336076434]@4fa2e892{STARTED,8<=8<=200,i=7,r=4,q=0}[ReservedThreadExecutor@46f1ead9{s=0/4,p=0}][pc=0,pic=0,pec=0,epc=0]@2019-12-27T05:26:27.208+02:00
2312   2019-12-27 05:26:27,208 DEBUG lipse.jetty.util.thread.QueuedThreadPool  - queue org.eclipse.jetty.io.ManagedSelector$$Lambda$260/218254243@703e26b8 startThread=0
2312   2019-12-27 05:26:27,208 DEBUG     org.eclipse.jetty.io.ManagedSelector  - Queued change org.eclipse.jetty.io.ManagedSelector$Start@155fbe41 on ManagedSelector@89d1612{STARTING} id=1 keys=0 selected=0 updates=0
2313   2019-12-27 05:26:27,209 DEBUG lipse.jetty.util.thread.QueuedThreadPool  - run org.eclipse.jetty.io.ManagedSelector$$Lambda$260/218254243@703e26b8 in QueuedThreadPool[qtp1336076434]@4fa2e892{STARTED,8<=8<=200,i=6,r=4,q=0}[ReservedThreadExecutor@46f1ead9{s=0/4,p=0}]
2313   2019-12-27 05:26:27,209 DEBUG etty.util.thread.strategy.EatWhatYouKill  - EatWhatYouKill@5e21bce9/SelectorProducer@3aa4e918/IDLE/p=false/QueuedThreadPool[qtp1336076434]@4fa2e892{STARTED,8<=8<=200,i=6,r=4,q=0}[ReservedThreadExecutor@46f1ead9{s=0/4,p=0}][pc=0,pic=0,pec=0,epc=0]@2019-12-27T05:26:27.209+02:00 tryProduce false
2313   2019-12-27 05:26:27,209 DEBUG     org.eclipse.jetty.io.ManagedSelector  - updateable 1
2313   2019-12-27 05:26:27,209 DEBUG     org.eclipse.jetty.io.ManagedSelector  - update org.eclipse.jetty.io.ManagedSelector$Start@155fbe41
2313   2019-12-27 05:26:27,209 DEBUG     org.eclipse.jetty.io.ManagedSelector  - updates 0
2313   2019-12-27 05:26:27,209 DEBUG     org.eclipse.jetty.io.ManagedSelector  - Selector sun.nio.ch.EPollSelectorImpl@38aafa41 waiting with 0 keys
2313   2019-12-27 05:26:27,209 DEBUG e.jetty.util.component.AbstractLifeCycle  - STARTED @24717ms ManagedSelector@89d1612{STARTED} id=1 keys=0 selected=0 updates=0
2313   2019-12-27 05:26:27,209 DEBUG e.jetty.util.component.AbstractLifeCycle  - STARTED @24717ms SelectorManager@ServerConnector@286fec74{HTTP/1.1,[http/1.1]}{0.0.0.0:9009}
2315   2019-12-27 05:26:27,211 DEBUG .jetty.util.component.ContainerLifeCycle  - ServerConnector@286fec74{HTTP/1.1,[http/1.1]}{0.0.0.0:9009} added {acceptor-0@713c9e9,POJO}
2315   2019-12-27 05:26:27,211 DEBUG lipse.jetty.util.thread.QueuedThreadPool  - queue acceptor-0@713c9e9 startThread=0
2315   2019-12-27 05:26:27,211 INFO  g.eclipse.jetty.server.AbstractConnector  - Started ServerConnector@286fec74{HTTP/1.1,[http/1.1]}{0.0.0.0:9009}
2315   2019-12-27 05:26:27,211 DEBUG lipse.jetty.util.thread.QueuedThreadPool  - run acceptor-0@713c9e9 in QueuedThreadPool[qtp1336076434]@4fa2e892{STARTED,8<=8<=200,i=5,r=4,q=0}[ReservedThreadExecutor@46f1ead9{s=0/4,p=0}]
2316   2019-12-27 05:26:27,212 DEBUG e.jetty.util.component.AbstractLifeCycle  - STARTED @24719ms ServerConnector@286fec74{HTTP/1.1,[http/1.1]}{0.0.0.0:9009}
2316   2019-12-27 05:26:27,212 INFO           org.eclipse.jetty.server.Server  - Started @24719ms
2316   2019-12-27 05:26:27,212 DEBUG e.jetty.util.component.AbstractLifeCycle  - STARTED @24720ms Server@41c2ab20{STARTED}[9.4.24.v20191120]
4398   2019-12-27 05:26:29,294 DEBUG e.jetty.util.component.AbstractLifeCycle  - stopping Server@41c2ab20{STARTED}[9.4.24.v20191120]
4399   2019-12-27 05:26:29,295 DEBUG          org.eclipse.jetty.server.Server  - doStop Server@41c2ab20{STOPPING}[9.4.24.v20191120]
4401   2019-12-27 05:26:29,297 DEBUG lipse.jetty.util.thread.QueuedThreadPool  - ran qtp1336076434-21-acceptor-0@713c9e9-ServerConnector@286fec74{HTTP/1.1,[http/1.1]}{0.0.0.0:9009} in QueuedThreadPool[qtp1336076434]@4fa2e892{STARTED,8<=8<=200,i=5,r=4,q=0}[ReservedThreadExecutor@46f1ead9{s=0/4,p=0}]
4405   2019-12-27 05:26:29,301 DEBUG .server.handler.AbstractHandlerContainer  - Graceful shutdown Server@41c2ab20{STOPPING}[9.4.24.v20191120] by 
4405   2019-12-27 05:26:29,301 DEBUG e.jetty.util.component.AbstractLifeCycle  - stopping ServerConnector@286fec74{HTTP/1.1,[http/1.1]}{0.0.0.0:9009}
4405   2019-12-27 05:26:29,301 DEBUG e.jetty.util.component.AbstractLifeCycle  - stopping SelectorManager@ServerConnector@286fec74{HTTP/1.1,[http/1.1]}{0.0.0.0:9009}
4406   2019-12-27 05:26:29,302 DEBUG e.jetty.util.component.AbstractLifeCycle  - stopping ManagedSelector@89d1612{STARTED} id=1 keys=0 selected=0 updates=0
4406   2019-12-27 05:26:29,302 DEBUG     org.eclipse.jetty.io.ManagedSelector  - Queued change org.eclipse.jetty.io.ManagedSelector$CloseConnections@7c3dc5d6 on ManagedSelector@89d1612{STOPPING} id=1 keys=0 selected=0 updates=0
4406   2019-12-27 05:26:29,302 DEBUG     org.eclipse.jetty.io.ManagedSelector  - Wakeup on submit ManagedSelector@89d1612{STOPPING} id=1 keys=0 selected=0 updates=1
4406   2019-12-27 05:26:29,302 DEBUG     org.eclipse.jetty.io.ManagedSelector  - Selector sun.nio.ch.EPollSelectorImpl@38aafa41 woken with none selected
4407   2019-12-27 05:26:29,303 DEBUG     org.eclipse.jetty.io.ManagedSelector  - Selector sun.nio.ch.EPollSelectorImpl@38aafa41 woken up from select, 0/0/0 selected
4407   2019-12-27 05:26:29,303 DEBUG     org.eclipse.jetty.io.ManagedSelector  - Selector sun.nio.ch.EPollSelectorImpl@38aafa41 processing 0 keys, 1 updates
4407   2019-12-27 05:26:29,303 DEBUG     org.eclipse.jetty.io.ManagedSelector  - updateable 1
4407   2019-12-27 05:26:29,303 DEBUG     org.eclipse.jetty.io.ManagedSelector  - update org.eclipse.jetty.io.ManagedSelector$CloseConnections@7c3dc5d6
4407   2019-12-27 05:26:29,303 DEBUG     org.eclipse.jetty.io.ManagedSelector  - Closing 0 connections on ManagedSelector@89d1612{STOPPING} id=1 keys=0 selected=0 updates=0
4407   2019-12-27 05:26:29,303 DEBUG     org.eclipse.jetty.io.ManagedSelector  - updates 0
4408   2019-12-27 05:26:29,304 DEBUG     org.eclipse.jetty.io.ManagedSelector  - Selector sun.nio.ch.EPollSelectorImpl@38aafa41 waiting with 0 keys
4408   2019-12-27 05:26:29,304 DEBUG     org.eclipse.jetty.io.ManagedSelector  - Queued change org.eclipse.jetty.io.ManagedSelector$StopSelector@2bb8b5b4 on ManagedSelector@89d1612{STOPPING} id=1 keys=0 selected=0 updates=0
4408   2019-12-27 05:26:29,304 DEBUG     org.eclipse.jetty.io.ManagedSelector  - Wakeup on submit ManagedSelector@89d1612{STOPPING} id=1 keys=0 selected=0 updates=1
4409   2019-12-27 05:26:29,305 DEBUG     org.eclipse.jetty.io.ManagedSelector  - Selector sun.nio.ch.EPollSelectorImpl@38aafa41 woken with none selected
4409   2019-12-27 05:26:29,305 DEBUG     org.eclipse.jetty.io.ManagedSelector  - Selector sun.nio.ch.EPollSelectorImpl@38aafa41 woken up from select, 0/0/0 selected
4409   2019-12-27 05:26:29,305 DEBUG     org.eclipse.jetty.io.ManagedSelector  - Selector sun.nio.ch.EPollSelectorImpl@38aafa41 processing 0 keys, 1 updates
4409   2019-12-27 05:26:29,305 DEBUG     org.eclipse.jetty.io.ManagedSelector  - updateable 1
4409   2019-12-27 05:26:29,305 DEBUG     org.eclipse.jetty.io.ManagedSelector  - update org.eclipse.jetty.io.ManagedSelector$StopSelector@2bb8b5b4
4412   2019-12-27 05:26:29,308 DEBUG     org.eclipse.jetty.io.ManagedSelector  - updates 0
4413   2019-12-27 05:26:29,309 DEBUG e.jetty.util.component.AbstractLifeCycle  - stopping EatWhatYouKill@5e21bce9/SelectorProducer@3aa4e918/PRODUCING/p=false/QueuedThreadPool[qtp1336076434]@4fa2e892{STARTED,8<=8<=200,i=6,r=4,q=0}[ReservedThreadExecutor@46f1ead9{s=0/4,p=0}][pc=0,pic=0,pec=0,epc=0]@2019-12-27T05:26:29.308+02:00
4413   2019-12-27 05:26:29,309 DEBUG lipse.jetty.util.thread.QueuedThreadPool  - ran org.eclipse.jetty.io.ManagedSelector$$Lambda$260/218254243@703e26b8 in QueuedThreadPool[qtp1336076434]@4fa2e892{STARTED,8<=8<=200,i=6,r=4,q=0}[ReservedThreadExecutor@46f1ead9{s=0/4,p=0}]
4413   2019-12-27 05:26:29,309 DEBUG e.jetty.util.component.AbstractLifeCycle  - STOPPED EatWhatYouKill@5e21bce9/SelectorProducer@3aa4e918/IDLE/p=false/QueuedThreadPool[qtp1336076434]@4fa2e892{STARTED,8<=8<=200,i=6,r=4,q=0}[ReservedThreadExecutor@46f1ead9{s=0/4,p=0}][pc=0,pic=0,pec=0,epc=0]@2019-12-27T05:26:29.309+02:00
4413   2019-12-27 05:26:29,309 DEBUG e.jetty.util.component.AbstractLifeCycle  - STOPPED ManagedSelector@89d1612{STOPPED} id=1 keys=-1 selected=-1 updates=0
4413   2019-12-27 05:26:29,309 DEBUG e.jetty.util.component.AbstractLifeCycle  - stopping ManagedSelector@62168954{STARTED} id=0 keys=0 selected=0 updates=0
4413   2019-12-27 05:26:29,309 DEBUG     org.eclipse.jetty.io.ManagedSelector  - Queued change org.eclipse.jetty.io.ManagedSelector$CloseConnections@613bfe58 on ManagedSelector@62168954{STOPPING} id=0 keys=0 selected=0 updates=0
4413   2019-12-27 05:26:29,309 DEBUG     org.eclipse.jetty.io.ManagedSelector  - Wakeup on submit ManagedSelector@62168954{STOPPING} id=0 keys=0 selected=0 updates=1
4414   2019-12-27 05:26:29,310 DEBUG     org.eclipse.jetty.io.ManagedSelector  - Selector sun.nio.ch.EPollSelectorImpl@417b3726 woken with none selected
4414   2019-12-27 05:26:29,310 DEBUG     org.eclipse.jetty.io.ManagedSelector  - Selector sun.nio.ch.EPollSelectorImpl@417b3726 woken up from select, 0/0/0 selected
4414   2019-12-27 05:26:29,310 DEBUG     org.eclipse.jetty.io.ManagedSelector  - Selector sun.nio.ch.EPollSelectorImpl@417b3726 processing 0 keys, 1 updates
4414   2019-12-27 05:26:29,310 DEBUG     org.eclipse.jetty.io.ManagedSelector  - updateable 1
4414   2019-12-27 05:26:29,310 DEBUG     org.eclipse.jetty.io.ManagedSelector  - update org.eclipse.jetty.io.ManagedSelector$CloseConnections@613bfe58
4414   2019-12-27 05:26:29,310 DEBUG     org.eclipse.jetty.io.ManagedSelector  - Closing 0 connections on ManagedSelector@62168954{STOPPING} id=0 keys=0 selected=0 updates=0
4414   2019-12-27 05:26:29,310 DEBUG     org.eclipse.jetty.io.ManagedSelector  - updates 0
4414   2019-12-27 05:26:29,310 DEBUG     org.eclipse.jetty.io.ManagedSelector  - Selector sun.nio.ch.EPollSelectorImpl@417b3726 waiting with 0 keys
4414   2019-12-27 05:26:29,310 DEBUG     org.eclipse.jetty.io.ManagedSelector  - Queued change org.eclipse.jetty.io.ManagedSelector$StopSelector@2b00b357 on ManagedSelector@62168954{STOPPING} id=0 keys=0 selected=0 updates=0
4414   2019-12-27 05:26:29,310 DEBUG     org.eclipse.jetty.io.ManagedSelector  - Wakeup on submit ManagedSelector@62168954{STOPPING} id=0 keys=0 selected=0 updates=1
4415   2019-12-27 05:26:29,311 DEBUG     org.eclipse.jetty.io.ManagedSelector  - Selector sun.nio.ch.EPollSelectorImpl@417b3726 woken with none selected
4415   2019-12-27 05:26:29,311 DEBUG     org.eclipse.jetty.io.ManagedSelector  - Selector sun.nio.ch.EPollSelectorImpl@417b3726 woken up from select, 0/0/0 selected
4415   2019-12-27 05:26:29,311 DEBUG     org.eclipse.jetty.io.ManagedSelector  - Selector sun.nio.ch.EPollSelectorImpl@417b3726 processing 0 keys, 1 updates
4415   2019-12-27 05:26:29,311 DEBUG     org.eclipse.jetty.io.ManagedSelector  - updateable 1
4415   2019-12-27 05:26:29,311 DEBUG     org.eclipse.jetty.io.ManagedSelector  - update org.eclipse.jetty.io.ManagedSelector$StopSelector@2b00b357
4415   2019-12-27 05:26:29,311 DEBUG     org.eclipse.jetty.io.ManagedSelector  - updates 0
4415   2019-12-27 05:26:29,311 DEBUG lipse.jetty.util.thread.QueuedThreadPool  - ran org.eclipse.jetty.io.ManagedSelector$$Lambda$260/218254243@6eae21f7 in QueuedThreadPool[qtp1336076434]@4fa2e892{STARTED,8<=8<=200,i=7,r=4,q=0}[ReservedThreadExecutor@46f1ead9{s=0/4,p=0}]
4416   2019-12-27 05:26:29,312 DEBUG e.jetty.util.component.AbstractLifeCycle  - stopping EatWhatYouKill@6ba02366/SelectorProducer@6c56ae51/IDLE/p=false/QueuedThreadPool[qtp1336076434]@4fa2e892{STARTED,8<=8<=200,i=7,r=4,q=0}[ReservedThreadExecutor@46f1ead9{s=0/4,p=0}][pc=0,pic=0,pec=0,epc=0]@2019-12-27T05:26:29.312+02:00
4417   2019-12-27 05:26:29,313 DEBUG e.jetty.util.component.AbstractLifeCycle  - STOPPED EatWhatYouKill@6ba02366/SelectorProducer@6c56ae51/IDLE/p=false/QueuedThreadPool[qtp1336076434]@4fa2e892{STARTED,8<=8<=200,i=8,r=4,q=0}[ReservedThreadExecutor@46f1ead9{s=0/4,p=0}][pc=0,pic=0,pec=0,epc=0]@2019-12-27T05:26:29.313+02:00
4417   2019-12-27 05:26:29,313 DEBUG e.jetty.util.component.AbstractLifeCycle  - STOPPED ManagedSelector@62168954{STOPPED} id=0 keys=-1 selected=-1 updates=0
4417   2019-12-27 05:26:29,313 DEBUG e.jetty.util.component.AbstractLifeCycle  - STOPPED SelectorManager@ServerConnector@286fec74{HTTP/1.1,[http/1.1]}{0.0.0.0:9009}
4417   2019-12-27 05:26:29,313 DEBUG e.jetty.util.component.AbstractLifeCycle  - stopping HttpConnectionFactory@27cda1c1[HTTP/1.1]
4418   2019-12-27 05:26:29,314 DEBUG e.jetty.util.component.AbstractLifeCycle  - STOPPED HttpConnectionFactory@27cda1c1[HTTP/1.1]
4418   2019-12-27 05:26:29,314 DEBUG e.jetty.util.component.AbstractLifeCycle  - stopping ScheduledExecutorScheduler@76c6d98{STARTED}
4418   2019-12-27 05:26:29,314 DEBUG e.jetty.util.component.AbstractLifeCycle  - STOPPED ScheduledExecutorScheduler@76c6d98{STOPPED}
4418   2019-12-27 05:26:29,314 INFO  g.eclipse.jetty.server.AbstractConnector  - Stopped ServerConnector@286fec74{HTTP/1.1,[http/1.1]}{0.0.0.0:9009}
4419   2019-12-27 05:26:29,315 DEBUG e.jetty.util.component.AbstractLifeCycle  - STOPPED ServerConnector@286fec74{HTTP/1.1,[http/1.1]}{0.0.0.0:9009}
4419   2019-12-27 05:26:29,315 DEBUG pse.jetty.server.handler.AbstractHandler  - stopping Server@41c2ab20{STOPPING}[9.4.24.v20191120]
4419   2019-12-27 05:26:29,315 DEBUG e.jetty.util.component.AbstractLifeCycle  - stopping ErrorHandler@6b011f3f{STARTED}
4419   2019-12-27 05:26:29,315 DEBUG pse.jetty.server.handler.AbstractHandler  - stopping ErrorHandler@6b011f3f{STOPPING}
4419   2019-12-27 05:26:29,315 DEBUG e.jetty.util.component.AbstractLifeCycle  - STOPPED ErrorHandler@6b011f3f{STOPPED}
4420   2019-12-27 05:26:29,316 DEBUG e.jetty.util.component.AbstractLifeCycle  - stopping ContextHandlerCollection@2f246d00{STARTED}
4420   2019-12-27 05:26:29,316 DEBUG pse.jetty.server.handler.AbstractHandler  - stopping ContextHandlerCollection@2f246d00{STOPPING}
4420   2019-12-27 05:26:29,316 DEBUG e.jetty.util.component.AbstractLifeCycle  - stopping o.e.j.s.ServletContextHandler@64eab8b{/homerest,null,SHUTDOWN}
4420   2019-12-27 05:26:29,316 DEBUG .server.handler.AbstractHandlerContainer  - Graceful shutdown o.e.j.s.ServletContextHandler@64eab8b{/homerest,null,SHUTDOWN} by 
4420   2019-12-27 05:26:29,316 DEBUG pse.jetty.server.handler.AbstractHandler  - stopping o.e.j.s.ServletContextHandler@64eab8b{/homerest,null,UNAVAILABLE}
4420   2019-12-27 05:26:29,316 DEBUG e.jetty.util.component.AbstractLifeCycle  - stopping ServletHandler@2e89fe59{STARTED}
4420   2019-12-27 05:26:29,316 DEBUG pse.jetty.server.handler.AbstractHandler  - stopping ServletHandler@2e89fe59{STOPPING}
4428   2019-12-27 05:26:29,324 DEBUG e.jetty.util.component.AbstractLifeCycle  - stopping org.eclipse.jetty.servlet.ServletHandler$Default404Servlet-4c7112f1@4c92e949==org.eclipse.jetty.servlet.ServletHandler$Default404Servlet,jsp=null,order=-1,inst=false,async=true
4428   2019-12-27 05:26:29,324 DEBUG e.jetty.util.component.AbstractLifeCycle  - STOPPED org.eclipse.jetty.servlet.ServletHandler$Default404Servlet-4c7112f1@4c92e949==org.eclipse.jetty.servlet.ServletHandler$Default404Servlet,jsp=null,order=-1,inst=false,async=true
4428   2019-12-27 05:26:29,324 DEBUG e.jetty.util.component.AbstractLifeCycle  - stopping rev.gretty.homerest.servlet.HomeRestTransactTestingServlet-93d396a@c6a52600==rev.gretty.homerest.servlet.HomeRestTransactTestingServlet,jsp=null,order=-1,inst=true,async=true
4428   2019-12-27 05:26:29,324 DEBUG e.jetty.util.component.AbstractLifeCycle  - STOPPED rev.gretty.homerest.servlet.HomeRestTransactTestingServlet-93d396a@c6a52600==rev.gretty.homerest.servlet.HomeRestTransactTestingServlet,jsp=null,order=-1,inst=false,async=true
4429   2019-12-27 05:26:29,325 DEBUG e.jetty.util.component.AbstractLifeCycle  - stopping rev.gretty.homerest.servlet.HomeRestAccountsTestingServlet-391cf64@5f48140d==rev.gretty.homerest.servlet.HomeRestAccountsTestingServlet,jsp=null,order=-1,inst=true,async=true
4429   2019-12-27 05:26:29,325 DEBUG e.jetty.util.component.AbstractLifeCycle  - STOPPED rev.gretty.homerest.servlet.HomeRestAccountsTestingServlet-391cf64@5f48140d==rev.gretty.homerest.servlet.HomeRestAccountsTestingServlet,jsp=null,order=-1,inst=false,async=true
4429   2019-12-27 05:26:29,325 DEBUG e.jetty.util.component.AbstractLifeCycle  - STOPPED ServletHandler@2e89fe59{STOPPED}
4429   2019-12-27 05:26:29,325 INFO  ipse.jetty.server.handler.ContextHandler  - Stopped o.e.j.s.ServletContextHandler@64eab8b{/homerest,null,UNAVAILABLE}
4429   2019-12-27 05:26:29,325 DEBUG e.jetty.util.component.AbstractLifeCycle  - STOPPED o.e.j.s.ServletContextHandler@64eab8b{/homerest,null,UNAVAILABLE}
4429   2019-12-27 05:26:29,325 DEBUG e.jetty.util.component.AbstractLifeCycle  - stopping o.e.j.s.h.ContextHandler@32bb75ce{/get/services,null,SHUTDOWN}
4429   2019-12-27 05:26:29,325 DEBUG .server.handler.AbstractHandlerContainer  - Graceful shutdown o.e.j.s.h.ContextHandler@32bb75ce{/get/services,null,SHUTDOWN} by 
4430   2019-12-27 05:26:29,326 DEBUG pse.jetty.server.handler.AbstractHandler  - stopping o.e.j.s.h.ContextHandler@32bb75ce{/get/services,null,UNAVAILABLE}
4430   2019-12-27 05:26:29,326 DEBUG e.jetty.util.component.AbstractLifeCycle  - stopping AccountServiceHandler@2e985a79{STARTED}
4430   2019-12-27 05:26:29,326 DEBUG pse.jetty.server.handler.AbstractHandler  - stopping AccountServiceHandler@2e985a79{STOPPING}
4430   2019-12-27 05:26:29,326 DEBUG e.jetty.util.component.AbstractLifeCycle  - STOPPED AccountServiceHandler@2e985a79{STOPPED}
4430   2019-12-27 05:26:29,326 INFO  ipse.jetty.server.handler.ContextHandler  - Stopped o.e.j.s.h.ContextHandler@32bb75ce{/get/services,null,UNAVAILABLE}
4430   2019-12-27 05:26:29,326 DEBUG e.jetty.util.component.AbstractLifeCycle  - STOPPED o.e.j.s.h.ContextHandler@32bb75ce{/get/services,null,UNAVAILABLE}
4430   2019-12-27 05:26:29,326 DEBUG e.jetty.util.component.AbstractLifeCycle  - stopping o.e.j.s.h.ContextHandler@381c8d9b{/get/accounts,null,SHUTDOWN}
4430   2019-12-27 05:26:29,326 DEBUG .server.handler.AbstractHandlerContainer  - Graceful shutdown o.e.j.s.h.ContextHandler@381c8d9b{/get/accounts,null,SHUTDOWN} by 
4430   2019-12-27 05:26:29,326 DEBUG pse.jetty.server.handler.AbstractHandler  - stopping o.e.j.s.h.ContextHandler@381c8d9b{/get/accounts,null,UNAVAILABLE}
4430   2019-12-27 05:26:29,326 DEBUG e.jetty.util.component.AbstractLifeCycle  - stopping AccountHandler@5d8836e6{STARTED}
4431   2019-12-27 05:26:29,327 DEBUG pse.jetty.server.handler.AbstractHandler  - stopping AccountHandler@5d8836e6{STOPPING}
4431   2019-12-27 05:26:29,327 DEBUG e.jetty.util.component.AbstractLifeCycle  - STOPPED AccountHandler@5d8836e6{STOPPED}
4431   2019-12-27 05:26:29,327 INFO  ipse.jetty.server.handler.ContextHandler  - Stopped o.e.j.s.h.ContextHandler@381c8d9b{/get/accounts,null,UNAVAILABLE}
4431   2019-12-27 05:26:29,327 DEBUG e.jetty.util.component.AbstractLifeCycle  - STOPPED o.e.j.s.h.ContextHandler@381c8d9b{/get/accounts,null,UNAVAILABLE}
4431   2019-12-27 05:26:29,327 DEBUG e.jetty.util.component.AbstractLifeCycle  - stopping o.e.j.s.h.ContextHandler@427d16d0{/get/transactions,null,SHUTDOWN}
4431   2019-12-27 05:26:29,327 DEBUG .server.handler.AbstractHandlerContainer  - Graceful shutdown o.e.j.s.h.ContextHandler@427d16d0{/get/transactions,null,SHUTDOWN} by 
4431   2019-12-27 05:26:29,327 DEBUG pse.jetty.server.handler.AbstractHandler  - stopping o.e.j.s.h.ContextHandler@427d16d0{/get/transactions,null,UNAVAILABLE}
4431   2019-12-27 05:26:29,327 DEBUG e.jetty.util.component.AbstractLifeCycle  - stopping TransactionHandler@e9ebfb{STARTED}
4431   2019-12-27 05:26:29,327 DEBUG pse.jetty.server.handler.AbstractHandler  - stopping TransactionHandler@e9ebfb{STOPPING}
4431   2019-12-27 05:26:29,327 DEBUG e.jetty.util.component.AbstractLifeCycle  - STOPPED TransactionHandler@e9ebfb{STOPPED}
4431   2019-12-27 05:26:29,327 INFO  ipse.jetty.server.handler.ContextHandler  - Stopped o.e.j.s.h.ContextHandler@427d16d0{/get/transactions,null,UNAVAILABLE}
4431   2019-12-27 05:26:29,327 DEBUG e.jetty.util.component.AbstractLifeCycle  - STOPPED o.e.j.s.h.ContextHandler@427d16d0{/get/transactions,null,UNAVAILABLE}
4432   2019-12-27 05:26:29,328 DEBUG e.jetty.util.component.AbstractLifeCycle  - STOPPED ContextHandlerCollection@2f246d00{STOPPED}
4432   2019-12-27 05:26:29,328 DEBUG e.jetty.util.component.AbstractLifeCycle  - stopping AttributeContainerMap@3b3e62bb{size=0}
4432   2019-12-27 05:26:29,328 DEBUG e.jetty.util.component.AbstractLifeCycle  - STOPPED AttributeContainerMap@3b3e62bb{size=0}
4432   2019-12-27 05:26:29,328 DEBUG e.jetty.util.component.AbstractLifeCycle  - stopping QueuedThreadPool[qtp1336076434]@4fa2e892{STARTED,8<=8<=200,i=8,r=4,q=0}[ReservedThreadExecutor@46f1ead9{s=0/4,p=0}]
4432   2019-12-27 05:26:29,328 DEBUG lipse.jetty.util.thread.QueuedThreadPool  - Stopping QueuedThreadPool[qtp1336076434]@4fa2e892{STOPPING,8<=8<=200,i=8,r=-1,q=0}[ReservedThreadExecutor@46f1ead9{s=0/4,p=0}]
4432   2019-12-27 05:26:29,328 DEBUG e.jetty.util.component.AbstractLifeCycle  - stopping ReservedThreadExecutor@46f1ead9{s=0/4,p=0}
4432   2019-12-27 05:26:29,328 DEBUG e.jetty.util.component.AbstractLifeCycle  - STOPPED ReservedThreadExecutor@46f1ead9{s=-1/4,p=0}
4433   2019-12-27 05:26:29,329 DEBUG lipse.jetty.util.thread.QueuedThreadPool  - run org.eclipse.jetty.util.thread.QueuedThreadPool$$Lambda$223/2024267942@63aadf23 in QueuedThreadPool[qtp1336076434]@4fa2e892{STOPPING,8<=0<=200,i=8,r=-1,q=0}[NO_TRY]
4433   2019-12-27 05:26:29,329 DEBUG lipse.jetty.util.thread.QueuedThreadPool  - run org.eclipse.jetty.util.thread.QueuedThreadPool$$Lambda$223/2024267942@63aadf23 in QueuedThreadPool[qtp1336076434]@4fa2e892{STOPPING,8<=0<=200,i=8,r=-1,q=0}[NO_TRY]
4433   2019-12-27 05:26:29,329 DEBUG lipse.jetty.util.thread.QueuedThreadPool  - ran org.eclipse.jetty.util.thread.QueuedThreadPool$$Lambda$223/2024267942@63aadf23 in QueuedThreadPool[qtp1336076434]@4fa2e892{STOPPING,8<=0<=200,i=8,r=-1,q=0}[NO_TRY]
4433   2019-12-27 05:26:29,329 DEBUG lipse.jetty.util.thread.QueuedThreadPool  - Waiting for Thread[qtp1336076434-28,5,rev.gretty.homerest.HttpServerStartGretty] for 14999
4433   2019-12-27 05:26:29,329 DEBUG lipse.jetty.util.thread.QueuedThreadPool  - run org.eclipse.jetty.util.thread.QueuedThreadPool$$Lambda$223/2024267942@63aadf23 in QueuedThreadPool[qtp1336076434]@4fa2e892{STOPPING,8<=0<=200,i=8,r=-1,q=0}[NO_TRY]
4433   2019-12-27 05:26:29,329 DEBUG lipse.jetty.util.thread.QueuedThreadPool  - run org.eclipse.jetty.util.thread.QueuedThreadPool$$Lambda$223/2024267942@63aadf23 in QueuedThreadPool[qtp1336076434]@4fa2e892{STOPPING,8<=0<=200,i=8,r=-1,q=0}[NO_TRY]
4433   2019-12-27 05:26:29,329 DEBUG lipse.jetty.util.thread.QueuedThreadPool  - ran org.eclipse.jetty.util.thread.QueuedThreadPool$$Lambda$223/2024267942@63aadf23 in QueuedThreadPool[qtp1336076434]@4fa2e892{STOPPING,8<=0<=200,i=8,r=-1,q=0}[NO_TRY]
4433   2019-12-27 05:26:29,329 DEBUG lipse.jetty.util.thread.QueuedThreadPool  - Thread[qtp1336076434-27,5,rev.gretty.homerest.HttpServerStartGretty] exited for QueuedThreadPool[qtp1336076434]@4fa2e892{STOPPING,8<=0<=200,i=8,r=-1,q=0}[NO_TRY]
4433   2019-12-27 05:26:29,329 DEBUG lipse.jetty.util.thread.QueuedThreadPool  - run org.eclipse.jetty.util.thread.QueuedThreadPool$$Lambda$223/2024267942@63aadf23 in QueuedThreadPool[qtp1336076434]@4fa2e892{STOPPING,8<=0<=200,i=8,r=-1,q=0}[NO_TRY]
4434   2019-12-27 05:26:29,330 DEBUG lipse.jetty.util.thread.QueuedThreadPool  - ran org.eclipse.jetty.util.thread.QueuedThreadPool$$Lambda$223/2024267942@63aadf23 in QueuedThreadPool[qtp1336076434]@4fa2e892{STOPPING,8<=0<=200,i=8,r=-1,q=0}[NO_TRY]
4434   2019-12-27 05:26:29,330 DEBUG lipse.jetty.util.thread.QueuedThreadPool  - ran org.eclipse.jetty.util.thread.QueuedThreadPool$$Lambda$223/2024267942@63aadf23 in QueuedThreadPool[qtp1336076434]@4fa2e892{STOPPING,8<=0<=200,i=8,r=-1,q=0}[NO_TRY]
4434   2019-12-27 05:26:29,330 DEBUG lipse.jetty.util.thread.QueuedThreadPool  - Thread[qtp1336076434-21,5,rev.gretty.homerest.HttpServerStartGretty] exited for QueuedThreadPool[qtp1336076434]@4fa2e892{STOPPING,8<=0<=200,i=8,r=-1,q=0}[NO_TRY]
4433   2019-12-27 05:26:29,329 DEBUG lipse.jetty.util.thread.QueuedThreadPool  - ran org.eclipse.jetty.util.thread.QueuedThreadPool$$Lambda$223/2024267942@63aadf23 in QueuedThreadPool[qtp1336076434]@4fa2e892{STOPPING,8<=0<=200,i=8,r=-1,q=0}[NO_TRY]
4434   2019-12-27 05:26:29,330 DEBUG lipse.jetty.util.thread.QueuedThreadPool  - Thread[qtp1336076434-25,5,rev.gretty.homerest.HttpServerStartGretty] exited for QueuedThreadPool[qtp1336076434]@4fa2e892{STOPPING,8<=0<=200,i=8,r=-1,q=0}[NO_TRY]
4433   2019-12-27 05:26:29,329 DEBUG lipse.jetty.util.thread.QueuedThreadPool  - run org.eclipse.jetty.util.thread.QueuedThreadPool$$Lambda$223/2024267942@63aadf23 in QueuedThreadPool[qtp1336076434]@4fa2e892{STOPPING,8<=0<=200,i=8,r=-1,q=0}[NO_TRY]
4434   2019-12-27 05:26:29,330 DEBUG lipse.jetty.util.thread.QueuedThreadPool  - ran org.eclipse.jetty.util.thread.QueuedThreadPool$$Lambda$223/2024267942@63aadf23 in QueuedThreadPool[qtp1336076434]@4fa2e892{STOPPING,8<=0<=200,i=8,r=-1,q=0}[NO_TRY]
4434   2019-12-27 05:26:29,330 DEBUG lipse.jetty.util.thread.QueuedThreadPool  - Thread[qtp1336076434-22,5,rev.gretty.homerest.HttpServerStartGretty] exited for QueuedThreadPool[qtp1336076434]@4fa2e892{STOPPING,8<=0<=200,i=8,r=-1,q=0}[NO_TRY]
4433   2019-12-27 05:26:29,329 DEBUG lipse.jetty.util.thread.QueuedThreadPool  - run org.eclipse.jetty.util.thread.QueuedThreadPool$$Lambda$223/2024267942@63aadf23 in QueuedThreadPool[qtp1336076434]@4fa2e892{STOPPING,8<=0<=200,i=8,r=-1,q=0}[NO_TRY]
4434   2019-12-27 05:26:29,330 DEBUG lipse.jetty.util.thread.QueuedThreadPool  - ran org.eclipse.jetty.util.thread.QueuedThreadPool$$Lambda$223/2024267942@63aadf23 in QueuedThreadPool[qtp1336076434]@4fa2e892{STOPPING,8<=0<=200,i=8,r=-1,q=0}[NO_TRY]
4435   2019-12-27 05:26:29,331 DEBUG lipse.jetty.util.thread.QueuedThreadPool  - Thread[qtp1336076434-28,5,rev.gretty.homerest.HttpServerStartGretty] exited for QueuedThreadPool[qtp1336076434]@4fa2e892{STOPPING,8<=0<=200,i=8,r=-1,q=0}[NO_TRY]
4435   2019-12-27 05:26:29,331 DEBUG lipse.jetty.util.thread.QueuedThreadPool  - Waiting for Thread[qtp1336076434-25,5,] for 14997
4433   2019-12-27 05:26:29,329 DEBUG lipse.jetty.util.thread.QueuedThreadPool  - Thread[qtp1336076434-24,5,rev.gretty.homerest.HttpServerStartGretty] exited for QueuedThreadPool[qtp1336076434]@4fa2e892{STOPPING,8<=0<=200,i=8,r=-1,q=0}[NO_TRY]
4438   2019-12-27 05:26:29,334 DEBUG lipse.jetty.util.thread.QueuedThreadPool  - Waiting for Thread[qtp1336076434-26,5,rev.gretty.homerest.HttpServerStartGretty] for 14994
4433   2019-12-27 05:26:29,329 DEBUG lipse.jetty.util.thread.QueuedThreadPool  - run org.eclipse.jetty.util.thread.QueuedThreadPool$$Lambda$223/2024267942@63aadf23 in QueuedThreadPool[qtp1336076434]@4fa2e892{STOPPING,8<=0<=200,i=8,r=-1,q=0}[NO_TRY]
4434   2019-12-27 05:26:29,330 DEBUG lipse.jetty.util.thread.QueuedThreadPool  - Thread[qtp1336076434-23,5,rev.gretty.homerest.HttpServerStartGretty] exited for QueuedThreadPool[qtp1336076434]@4fa2e892{STOPPING,8<=0<=200,i=8,r=-1,q=0}[NO_TRY]
4438   2019-12-27 05:26:29,334 DEBUG lipse.jetty.util.thread.QueuedThreadPool  - ran org.eclipse.jetty.util.thread.QueuedThreadPool$$Lambda$223/2024267942@63aadf23 in QueuedThreadPool[qtp1336076434]@4fa2e892{STOPPING,8<=0<=200,i=8,r=-1,q=0}[NO_TRY]
4439   2019-12-27 05:26:29,335 DEBUG lipse.jetty.util.thread.QueuedThreadPool  - Thread[qtp1336076434-26,5,rev.gretty.homerest.HttpServerStartGretty] exited for QueuedThreadPool[qtp1336076434]@4fa2e892{STOPPING,8<=0<=200,i=8,r=-1,q=0}[NO_TRY]
4439   2019-12-27 05:26:29,335 DEBUG e.jetty.util.component.AbstractLifeCycle  - STOPPED QueuedThreadPool[qtp1336076434]@4fa2e892{STOPPED,8<=0<=200,i=8,r=-1,q=0}[NO_TRY]
4439   2019-12-27 05:26:29,335 DEBUG eclipse.jetty.util.thread.ShutdownThread  - shutdown already commenced
4440   2019-12-27 05:26:29,336 DEBUG e.jetty.util.component.AbstractLifeCycle  - STOPPED Server@41c2ab20{STOPPED}[9.4.24.v20191120]
4440   2019-12-27 05:26:29,336 DEBUG eclipse.jetty.util.thread.ShutdownThread  - Stopped Server@41c2ab20{STOPPED}[9.4.24.v20191120]
4440   2019-12-27 05:26:29,336 DEBUG eclipse.jetty.util.thread.ShutdownThread  - Destroyed Server@41c2ab20{STOPPED}[9.4.24.v20191120]
